[debug] [2021-07-01T16:26:57.669Z] ----------------------------------------------------------------------
[debug] [2021-07-01T16:26:57.673Z] Command:       C:\Program Files\nodejs\node.exe C:\Users\kaoutharben\AppData\Roaming\npm\node_modules\firebase-tools\lib\bin\firebase.js init
[debug] [2021-07-01T16:26:57.673Z] CLI Version:   9.14.0
[debug] [2021-07-01T16:26:57.673Z] Platform:      win32
[debug] [2021-07-01T16:26:57.673Z] Node Version:  v14.16.0
[debug] [2021-07-01T16:26:57.676Z] Time:          Thu Jul 01 2021 17:26:57 GMT+0100 (UTC+01:00)
[debug] [2021-07-01T16:26:57.676Z] ----------------------------------------------------------------------
[debug] 
[debug] [2021-07-01T16:26:57.689Z] > command requires scopes: ["email","openid","https://www.googleapis.com/auth/cloudplatformprojects.readonly","https://www.googleapis.com/auth/firebase","https://www.googleapis.com/auth/cloud-platform"]
[debug] [2021-07-01T16:26:57.689Z] > authorizing via signed-in user (kaoutharben1998@gmail.com)
[info] 
     ######## #### ########  ######## ########     ###     ######  ########
     ##        ##  ##     ## ##       ##     ##  ##   ##  ##       ##
     ######    ##  ########  ######   ########  #########  ######  ######
     ##        ##  ##    ##  ##       ##     ## ##     ##       ## ##
     ##       #### ##     ## ######## ########  ##     ##  ######  ########

You're about to initialize a Firebase project in this directory:

  C:\Users\kaoutharben\Desktop\file-web

[info] 
=== Project Setup
[info] 
[info] First, let's associate this project directory with a Firebase project.
[info] You can create multiple project aliases by running firebase use --add, 
[info] but for now we'll just set up a default project.
[info] 
[debug] [2021-07-01T16:27:22.543Z] >>> [apiv2][query] GET https://firebase.googleapis.com/v1beta1/projects pageSize=100
[debug] [2021-07-01T16:27:23.271Z] <<< [apiv2][status] GET https://firebase.googleapis.com/v1beta1/projects 200
[debug] [2021-07-01T16:27:23.271Z] <<< [apiv2][body] GET https://firebase.googleapis.com/v1beta1/projects [omitted]
[info] i  Using project filestore-4f731 (FileStore) 
[info] 
=== Hosting:github Setup
[info] 
[info] i  Detected a .git folder at C:\Users\kaoutharben\Desktop\file-web 
[info] i  Authorizing with GitHub to upload your service account to a GitHub repository's secrets store. 
[info] 
[info] Visit this URL on this device to log in:
[info] https://github.com/login/oauth/authorize?client_id=89cf50f02ac6aaed3484&state=267348544&redirect_uri=http%3A%2F%2Flocalhost%3A9005&scope=read%3Auser%20repo%20public_repo
[info] 
[info] Waiting for authentication...
[debug] [2021-07-01T16:28:03.880Z] >>> HTTP REQUEST POST https://github.com/login/oauth/access_token  
 {"client_id":"89cf50f02ac6aaed3484","client_secret":"3330d14abc895d9a74d5f17cd7a00711fa2c5bf0","code":"2ffb346d1f9d9256cf3a","redirect_uri":"http://localhost:9005","state":"267348544"}
[debug] [2021-07-01T16:28:04.476Z] <<< HTTP RESPONSE 200 {"server":"GitHub.com","date":"Thu, 01 Jul 2021 16:28:05 GMT","content-type":"application/json; charset=utf-8","transfer-encoding":"chunked","vary":"X-PJAX, Accept-Encoding, Accept, X-Requested-With","permissions-policy":"interest-cohort=()","etag":"W/\"bb67b89bde1893c23170fa47fd92b7a4\"","cache-control":"max-age=0, private, must-revalidate","strict-transport-security":"max-age=31536000; includeSubdomains; preload","x-frame-options":"deny","x-content-type-options":"nosniff","x-xss-protection":"0","referrer-policy":"origin-when-cross-origin, strict-origin-when-cross-origin","expect-ct":"max-age=2592000, report-uri=\"https://api.github.com/_private/browser/errors\"","content-security-policy":"default-src 'none'; base-uri 'self'; block-all-mixed-content; connect-src 'self' uploads.github.com www.githubstatus.com collector.githubapp.com api.github.com github-cloud.s3.amazonaws.com github-production-repository-file-5c1aeb.s3.amazonaws.com github-production-upload-manifest-file-7fdce7.s3.amazonaws.com github-production-user-asset-6210df.s3.amazonaws.com cdn.optimizely.com logx.optimizely.com/v1/events translator.github.com wss://alive.github.com; font-src github.githubassets.com; form-action 'self' github.com gist.github.com; frame-ancestors 'none'; frame-src render.githubusercontent.com render-temp.githubusercontent.com viewscreen.githubusercontent.com; img-src 'self' data: github.githubassets.com identicons.github.com collector.githubapp.com github-cloud.s3.amazonaws.com secured-user-images.githubusercontent.com/ *.githubusercontent.com; manifest-src 'self'; media-src 'none'; script-src github.githubassets.com; style-src 'unsafe-inline' github.githubassets.com; worker-src github.com/socket-worker-3f088aa2.js gist.github.com/socket-worker-3f088aa2.js","x-github-request-id":"1723:3935:906F49:94B516:60DDED15"}
[debug] [2021-07-01T16:28:04.490Z] >>> [apiv2][query] GET https://api.github.com/user [none]
[debug] [2021-07-01T16:28:05.336Z] <<< [apiv2][status] GET https://api.github.com/user 200
[debug] [2021-07-01T16:28:05.336Z] <<< [apiv2][body] GET https://api.github.com/user {"login":"kaoutharben","id":61978473,"node_id":"MDQ6VXNlcjYxOTc4NDcz","avatar_url":"https://avatars.githubusercontent.com/u/61978473?v=4","gravatar_id":"","url":"https://api.github.com/users/kaoutharben","html_url":"https://github.com/kaoutharben","followers_url":"https://api.github.com/users/kaoutharben/followers","following_url":"https://api.github.com/users/kaoutharben/following{/other_user}","gists_url":"https://api.github.com/users/kaoutharben/gists{/gist_id}","starred_url":"https://api.github.com/users/kaoutharben/starred{/owner}{/repo}","subscriptions_url":"https://api.github.com/users/kaoutharben/subscriptions","organizations_url":"https://api.github.com/users/kaoutharben/orgs","repos_url":"https://api.github.com/users/kaoutharben/repos","events_url":"https://api.github.com/users/kaoutharben/events{/privacy}","received_events_url":"https://api.github.com/users/kaoutharben/received_events","type":"User","site_admin":false,"name":null,"company":null,"blog":"","location":null,"email":null,"hireable":null,"bio":null,"twitter_username":null,"public_repos":15,"public_gists":0,"followers":4,"following":4,"created_at":"2020-03-09T14:15:28Z","updated_at":"2021-07-01T16:28:03Z","private_gists":4,"total_private_repos":10,"owned_private_repos":9,"disk_usage":39191,"collaborators":3,"two_factor_authentication":false,"plan":{"name":"pro","space":976562499,"collaborators":0,"private_repos":9999}}
[info] 
[info] +  Success! Logged into GitHub as kaoutharben 
[info] 
